2023-03-26 01:32:58,479 CRIT Supervisor is running as root.  Privileges were not dropped because no user is specified in the config file.  If you intend to run as root, you can set user=root in the config file to avoid this message.
2023-03-26 01:32:58,498 INFO supervisord started with pid 1
2023-03-26 01:32:59,513 INFO spawned: 'php-fpm' with pid 7
2023-03-26 01:32:59,516 INFO spawned: 'nginx' with pid 8
2023-03-26 01:33:00,591 INFO success: php-fpm entered RUNNING state, process has stayed up for > than 1 seconds (startsecs)
2023-03-26 01:33:00,594 INFO success: nginx entered RUNNING state, process has stayed up for > than 1 seconds (startsecs)
2023-03-26 01:49:41,806 WARN received SIGQUIT indicating exit request
2023-03-26 01:49:41,808 INFO waiting for php-fpm, nginx to die
2023-03-26 01:49:41,831 INFO stopped: nginx (exit status 0)
2023-03-26 01:49:42,881 INFO stopped: php-fpm (exit status 0)
2023-03-26 01:49:43,859 CRIT Supervisor is running as root.  Privileges were not dropped because no user is specified in the config file.  If you intend to run as root, you can set user=root in the config file to avoid this message.
2023-03-26 01:49:43,869 INFO supervisord started with pid 1
2023-03-26 01:49:44,872 INFO spawned: 'php-fpm' with pid 7
2023-03-26 01:49:44,875 INFO spawned: 'nginx' with pid 8
2023-03-26 01:49:45,921 INFO success: php-fpm entered RUNNING state, process has stayed up for > than 1 seconds (startsecs)
2023-03-26 01:49:45,921 INFO success: nginx entered RUNNING state, process has stayed up for > than 1 seconds (startsecs)
2023-03-26 01:50:03,955 WARN received SIGQUIT indicating exit request
2023-03-26 01:50:03,957 INFO waiting for php-fpm, nginx to die
2023-03-26 01:50:03,971 INFO stopped: nginx (exit status 0)
2023-03-26 01:50:03,983 INFO stopped: php-fpm (exit status 0)
2023-03-26 01:50:13,608 CRIT Supervisor is running as root.  Privileges were not dropped because no user is specified in the config file.  If you intend to run as root, you can set user=root in the config file to avoid this message.
2023-03-26 01:50:13,614 INFO supervisord started with pid 1
2023-03-26 01:50:14,617 INFO spawned: 'php-fpm' with pid 7
2023-03-26 01:50:14,621 INFO spawned: 'nginx' with pid 8
2023-03-26 01:50:15,657 INFO success: php-fpm entered RUNNING state, process has stayed up for > than 1 seconds (startsecs)
2023-03-26 01:50:15,658 INFO success: nginx entered RUNNING state, process has stayed up for > than 1 seconds (startsecs)
2023-03-26 01:57:42,204 WARN received SIGQUIT indicating exit request
2023-03-26 01:57:42,205 INFO waiting for php-fpm, nginx to die
2023-03-26 01:57:42,230 INFO stopped: nginx (exit status 0)
2023-03-26 01:57:43,250 INFO stopped: php-fpm (exit status 0)
2023-03-26 01:57:55,730 CRIT Supervisor is running as root.  Privileges were not dropped because no user is specified in the config file.  If you intend to run as root, you can set user=root in the config file to avoid this message.
2023-03-26 01:57:55,738 INFO supervisord started with pid 1
2023-03-26 01:57:56,741 INFO spawned: 'php-fpm' with pid 7
2023-03-26 01:57:56,744 INFO spawned: 'nginx' with pid 8
2023-03-26 01:57:57,790 INFO success: php-fpm entered RUNNING state, process has stayed up for > than 1 seconds (startsecs)
2023-03-26 01:57:57,790 INFO success: nginx entered RUNNING state, process has stayed up for > than 1 seconds (startsecs)
2023-03-26 02:00:48,337 WARN received SIGQUIT indicating exit request
2023-03-26 02:00:48,338 INFO waiting for php-fpm, nginx to die
2023-03-26 02:00:48,351 INFO stopped: nginx (exit status 0)
2023-03-26 02:00:48,363 INFO stopped: php-fpm (exit status 0)
2023-03-26 02:00:56,391 CRIT Supervisor is running as root.  Privileges were not dropped because no user is specified in the config file.  If you intend to run as root, you can set user=root in the config file to avoid this message.
2023-03-26 02:00:56,399 INFO supervisord started with pid 1
2023-03-26 02:00:57,403 INFO spawned: 'php-fpm' with pid 7
2023-03-26 02:00:57,406 INFO spawned: 'nginx' with pid 8
2023-03-26 02:00:58,444 INFO success: php-fpm entered RUNNING state, process has stayed up for > than 1 seconds (startsecs)
2023-03-26 02:00:58,445 INFO success: nginx entered RUNNING state, process has stayed up for > than 1 seconds (startsecs)
2023-03-26 02:22:19,943 WARN received SIGQUIT indicating exit request
2023-03-26 02:22:19,946 INFO waiting for php-fpm, nginx to die
2023-03-26 02:22:19,980 INFO stopped: nginx (exit status 0)
2023-03-26 02:22:21,014 INFO stopped: php-fpm (exit status 0)
2023-03-26 02:22:39,769 CRIT Supervisor is running as root.  Privileges were not dropped because no user is specified in the config file.  If you intend to run as root, you can set user=root in the config file to avoid this message.
2023-03-26 02:22:39,777 INFO supervisord started with pid 1
2023-03-26 02:22:40,781 INFO spawned: 'php-fpm' with pid 7
2023-03-26 02:22:40,784 INFO spawned: 'nginx' with pid 8
2023-03-26 02:22:41,828 INFO success: php-fpm entered RUNNING state, process has stayed up for > than 1 seconds (startsecs)
2023-03-26 02:22:41,828 INFO success: nginx entered RUNNING state, process has stayed up for > than 1 seconds (startsecs)
